Arguments: 
  /Users/flash/.nvm/versions/node/v16.14.2/bin/node /Users/flash/.nvm/versions/node/v16.14.2/bin/yarn init

PATH: 
  /Users/flash/Library/Android/sdk/cmdline-tools:/Users/flash/Library/Android/sdk/platform-tools:/Library/Java/JavaVirtualMachines/jdk1.8.0_361.jdk/Contents/Home/bin:/Users/flash/flutter/bin:/opt/homebrew/opt/python@3.10/libexec/bin:/Users/flash/.nvm/versions/node/v16.14.2/bin:/opt/homebrew/bin:/usr/local/bin:/usr/bin:/bin:/usr/sbin:/sbin:/Library/Apple/usr/bin:/Users/flash/Library/Android/sdk/cmdline-tools:/Users/flash/Library/Android/sdk/platform-tools:/Library/Java/JavaVirtualMachines/jdk1.8.0_361.jdk/Contents/Home/bin:/Users/flash/flutter/bin:/opt/homebrew/opt/python@3.10/libexec/bin:/Users/flash/.nvm/versions/node/v16.14.2/bin:/opt/homebrew/bin

Yarn version: 
  1.22.19

Node version: 
  16.14.2

Platform: 
  darwin arm64

Trace: 
  Error: canceled
      at Interface.<anonymous> (/Users/flash/.nvm/versions/node/v16.14.2/lib/node_modules/yarn/lib/cli.js:137150:13)
      at Interface.emit (node:events:526:28)
      at Interface._ttyWrite (node:readline:1081:16)
      at ReadStream.onkeypress (node:readline:288:10)
      at ReadStream.emit (node:events:526:28)
      at emitKeys (node:internal/readline/utils:358:14)
      at emitKeys.next (<anonymous>)
      at ReadStream.onData (node:internal/readline/emitKeypressEvents:61:36)
      at ReadStream.emit (node:events:526:28)
      at addChunk (node:internal/streams/readable:315:12)

npm manifest: 
  No manifest

yarn manifest: 
  No manifest

Lockfile: 
  No lockfile
